<?xml version="1.0" encoding="UTF-8"?>
<!-- Generated by org.testng.reporters.JUnitReportReporter -->
<testsuite hostname="LAPTOP-TOSPC5P3" failures="0" tests="1" name="tests.TC_002_CartTest" time="2.738" errors="0" timestamp="2025-08-25T03:58:30 IST" skipped="0">
  <testcase classname="tests.TC_002_CartTest" name="cartTest" time="2.738"/>
</testsuite> <!-- tests.TC_002_CartTest -->
