<?xml version="1.0" encoding="UTF-8"?>
<!-- Generated by org.testng.reporters.JUnitReportReporter -->
<testsuite hostname="LAPTOP-TOSPC5P3" failures="0" tests="1" name="tests.TC_005_NavigationTest" time="2.528" errors="0" timestamp="2025-08-25T03:58:30 IST" skipped="0">
  <testcase classname="tests.TC_005_NavigationTest" name="productBrowsingAndNavigationTest" time="2.528"/>
</testsuite> <!-- tests.TC_005_NavigationTest -->
