<?xml version="1.0" encoding="UTF-8"?>
<!-- Generated by org.testng.reporters.JUnitReportReporter -->
<testsuite hostname="LAPTOP-TOSPC5P3" failures="0" tests="2" name="tests.TC_003_OrderTest" time="7.473" errors="0" timestamp="2025-08-25T03:58:30 IST" skipped="0">
  <testcase classname="tests.TC_003_OrderTest" name="validOrderTest" time="2.781"/>
  <testcase classname="tests.TC_003_OrderTest" name="emptyFormTest" time="4.692"/>
</testsuite> <!-- tests.TC_003_OrderTest -->
