<?xml version="1.0" encoding="UTF-8"?>
<!-- Generated by org.testng.reporters.JUnitReportReporter -->
<testsuite hostname="LAPTOP-TOSPC5P3" failures="0" tests="2" name="tests.TC_003_OrderTest" time="7.493" errors="0" timestamp="2025-08-25T04:02:18 IST" skipped="0">
  <testcase classname="tests.TC_003_OrderTest" name="validOrderTest" time="2.814"/>
  <testcase classname="tests.TC_003_OrderTest" name="emptyFormTest" time="4.679"/>
</testsuite> <!-- tests.TC_003_OrderTest -->
