<?xml version="1.0" encoding="UTF-8"?>
<!-- Generated by org.testng.reporters.JUnitReportReporter -->
<testsuite hostname="LAPTOP-TOSPC5P3" failures="0" tests="3" name="tests.LogInTest" time="7.844" errors="0" timestamp="2025-08-17T15:06:49 IST" skipped="0">
  <testcase classname="tests.LogInTest" name="logInTest" time="2.173"/>
  <testcase classname="tests.LogInTest" name="logInTest" time="3.561"/>
  <testcase classname="tests.LogInTest" name="logInTest" time="2.110"/>
</testsuite> <!-- tests.LogInTest -->
