<?xml version="1.0" encoding="UTF-8"?>
<!-- Generated by org.testng.reporters.JUnitReportReporter -->
<testsuite hostname="LAPTOP-TOSPC5P3" failures="0" tests="2" name="tests.TC_004_UiTest" time="4.356" errors="0" timestamp="2025-08-25T04:02:18 IST" skipped="0">
  <testcase classname="tests.TC_004_UiTest" name="buttonVisibilityTest" time="2.122"/>
  <testcase classname="tests.TC_004_UiTest" name="product" time="2.234"/>
</testsuite> <!-- tests.TC_004_UiTest -->
