<?xml version="1.0" encoding="UTF-8"?>
<!-- Generated by org.testng.reporters.JUnitReportReporter -->
<testsuite hostname="LAPTOP-TOSPC5P3" failures="0" tests="3" name="tests.TC_001_LogInTest" time="8.206" errors="0" timestamp="2025-08-25T04:02:18 IST" skipped="0">
  <testcase classname="tests.TC_001_LogInTest" name="logInTest" time="3.700"/>
  <testcase classname="tests.TC_001_LogInTest" name="logInTest" time="2.258"/>
  <testcase classname="tests.TC_001_LogInTest" name="logInTest" time="2.248"/>
</testsuite> <!-- tests.TC_001_LogInTest -->
