<?xml version="1.0" encoding="UTF-8"?>
<!-- Generated by org.testng.reporters.JUnitReportReporter -->
<testsuite hostname="LAPTOP-TOSPC5P3" failures="0" tests="1" name="tests.TC_006_LogOutTest" time="2.485" errors="0" timestamp="2025-08-25T04:02:18 IST" skipped="0">
  <testcase classname="tests.TC_006_LogOutTest" name="LogOutTest" time="2.485"/>
</testsuite> <!-- tests.TC_006_LogOutTest -->
